This is pdfTeX, Version 3.1415926-1.40.9 (MiKTeX 2.7) (preloaded format=pdflatex 2009.7.16)  26 AUG 2010 13:28
entering extended mode
**webscavator.tex
(webscavator.tex
LaTeX2e <2005/12/01>
Babel <v3.8l> and hyphenation patterns for english, dumylang, nohyphenation, ge
rman, ngerman, german-x-2008-06-18, ngerman-x-2008-06-18, french, loaded.
(manual.cls
Document Class: manual 2008/10/18 Document class (Sphinx manual)
("C:\Program Files\MiKTeX\tex\latex\base\report.cls"
Document Class: report 2005/09/16 v1.4f Standard LaTeX document class
("C:\Program Files\MiKTeX\tex\latex\base\size10.clo"
File: size10.clo 2005/09/16 v1.4f Standard LaTeX file (size option)
)
\c@part=\count79
\c@chapter=\count80
\c@section=\count81
\c@subsection=\count82
\c@subsubsection=\count83
\c@paragraph=\count84
\c@subparagraph=\count85
\c@figure=\count86
\c@table=\count87
\abovecaptionskip=\skip41
\belowcaptionskip=\skip42
\bibindent=\dimen102
))
("C:\Program Files\MiKTeX\tex\latex\base\inputenc.sty"
Package: inputenc 2006/05/05 v1.1b Input encoding file
\inpenc@prehook=\toks14
\inpenc@posthook=\toks15

("C:\Program Files\MiKTeX\tex\latex\base\utf8.def"
File: utf8.def 2006/03/30 v1.1i UTF-8 support for inputenc
Now handling font encoding OML ...
... no UTF-8 mapping file for font encoding OML
Now handling font encoding T1 ...
... processing UTF-8 mapping file for font encodingT1

("C:\Program Files\MiKTeX\tex\latex\base\t1enc.dfu"
File: t1enc.dfu 2006/03/30 v1.1i UTF-8 support for inputenc
   defining Unicode char U+00A1 (decimal 161)
   defining Unicode char U+00A3 (decimal 163)
   defining Unicode char U+00AB (decimal 171)
   defining Unicode char U+00BB (decimal 187)
   defining Unicode char U+00BF (decimal 191)
   defining Unicode char U+00C0 (decimal 192)
   defining Unicode char U+00C1 (decimal 193)
   defining Unicode char U+00C2 (decimal 194)
   defining Unicode char U+00C3 (decimal 195)
   defining Unicode char U+00C4 (decimal 196)
   defining Unicode char U+00C5 (decimal 197)
   defining Unicode char U+00C6 (decimal 198)
   defining Unicode char U+00C7 (decimal 199)
   defining Unicode char U+00C8 (decimal 200)
   defining Unicode char U+00C9 (decimal 201)
   defining Unicode char U+00CA (decimal 202)
   defining Unicode char U+00CB (decimal 203)
   defining Unicode char U+00CC (decimal 204)
   defining Unicode char U+00CD (decimal 205)
   defining Unicode char U+00CE (decimal 206)
   defining Unicode char U+00CF (decimal 207)
   defining Unicode char U+00D0 (decimal 208)
   defining Unicode char U+00D1 (decimal 209)
   defining Unicode char U+00D2 (decimal 210)
   defining Unicode char U+00D3 (decimal 211)
   defining Unicode char U+00D4 (decimal 212)
   defining Unicode char U+00D5 (decimal 213)
   defining Unicode char U+00D6 (decimal 214)
   defining Unicode char U+00D8 (decimal 216)
   defining Unicode char U+00D9 (decimal 217)
   defining Unicode char U+00DA (decimal 218)
   defining Unicode char U+00DB (decimal 219)
   defining Unicode char U+00DC (decimal 220)
   defining Unicode char U+00DD (decimal 221)
   defining Unicode char U+00DE (decimal 222)
   defining Unicode char U+00DF (decimal 223)
   defining Unicode char U+00E0 (decimal 224)
   defining Unicode char U+00E1 (decimal 225)
   defining Unicode char U+00E2 (decimal 226)
   defining Unicode char U+00E3 (decimal 227)
   defining Unicode char U+00E4 (decimal 228)
   defining Unicode char U+00E5 (decimal 229)
   defining Unicode char U+00E6 (decimal 230)
   defining Unicode char U+00E7 (decimal 231)
   defining Unicode char U+00E8 (decimal 232)
   defining Unicode char U+00E9 (decimal 233)
   defining Unicode char U+00EA (decimal 234)
   defining Unicode char U+00EB (decimal 235)
   defining Unicode char U+00EC (decimal 236)
   defining Unicode char U+00ED (decimal 237)
   defining Unicode char U+00EE (decimal 238)
   defining Unicode char U+00EF (decimal 239)
   defining Unicode char U+00F0 (decimal 240)
   defining Unicode char U+00F1 (decimal 241)
   defining Unicode char U+00F2 (decimal 242)
   defining Unicode char U+00F3 (decimal 243)
   defining Unicode char U+00F4 (decimal 244)
   defining Unicode char U+00F5 (decimal 245)
   defining Unicode char U+00F6 (decimal 246)
   defining Unicode char U+00F8 (decimal 248)
   defining Unicode char U+00F9 (decimal 249)
   defining Unicode char U+00FA (decimal 250)
   defining Unicode char U+00FB (decimal 251)
   defining Unicode char U+00FC (decimal 252)
   defining Unicode char U+00FD (decimal 253)
   defining Unicode char U+00FE (decimal 254)
   defining Unicode char U+00FF (decimal 255)
   defining Unicode char U+0102 (decimal 258)
   defining Unicode char U+0103 (decimal 259)
   defining Unicode char U+0104 (decimal 260)
   defining Unicode char U+0105 (decimal 261)
   defining Unicode char U+0106 (decimal 262)
   defining Unicode char U+0107 (decimal 263)
   defining Unicode char U+010C (decimal 268)
   defining Unicode char U+010D (decimal 269)
   defining Unicode char U+010E (decimal 270)
   defining Unicode char U+010F (decimal 271)
   defining Unicode char U+0110 (decimal 272)
   defining Unicode char U+0111 (decimal 273)
   defining Unicode char U+0118 (decimal 280)
   defining Unicode char U+0119 (decimal 281)
   defining Unicode char U+011A (decimal 282)
   defining Unicode char U+011B (decimal 283)
   defining Unicode char U+011E (decimal 286)
   defining Unicode char U+011F (decimal 287)
   defining Unicode char U+0130 (decimal 304)
   defining Unicode char U+0131 (decimal 305)
   defining Unicode char U+0132 (decimal 306)
   defining Unicode char U+0133 (decimal 307)
   defining Unicode char U+0139 (decimal 313)
   defining Unicode char U+013A (decimal 314)
   defining Unicode char U+013D (decimal 317)
   defining Unicode char U+013E (decimal 318)
   defining Unicode char U+0141 (decimal 321)
   defining Unicode char U+0142 (decimal 322)
   defining Unicode char U+0143 (decimal 323)
   defining Unicode char U+0144 (decimal 324)
   defining Unicode char U+0147 (decimal 327)
   defining Unicode char U+0148 (decimal 328)
   defining Unicode char U+014A (decimal 330)
   defining Unicode char U+014B (decimal 331)
   defining Unicode char U+0150 (decimal 336)
   defining Unicode char U+0151 (decimal 337)
   defining Unicode char U+0152 (decimal 338)
   defining Unicode char U+0153 (decimal 339)
   defining Unicode char U+0154 (decimal 340)
   defining Unicode char U+0155 (decimal 341)
   defining Unicode char U+0158 (decimal 344)
   defining Unicode char U+0159 (decimal 345)
   defining Unicode char U+015A (decimal 346)
   defining Unicode char U+015B (decimal 347)
   defining Unicode char U+015E (decimal 350)
   defining Unicode char U+015F (decimal 351)
   defining Unicode char U+0160 (decimal 352)
   defining Unicode char U+0161 (decimal 353)
   defining Unicode char U+0162 (decimal 354)
   defining Unicode char U+0163 (decimal 355)
   defining Unicode char U+0164 (decimal 356)
   defining Unicode char U+0165 (decimal 357)
   defining Unicode char U+016E (decimal 366)
   defining Unicode char U+016F (decimal 367)
   defining Unicode char U+0170 (decimal 368)
   defining Unicode char U+0171 (decimal 369)
   defining Unicode char U+0178 (decimal 376)
   defining Unicode char U+0179 (decimal 377)
   defining Unicode char U+017A (decimal 378)
   defining Unicode char U+017B (decimal 379)
   defining Unicode char U+017C (decimal 380)
   defining Unicode char U+017D (decimal 381)
   defining Unicode char U+017E (decimal 382)
   defining Unicode char U+200C (decimal 8204)
   defining Unicode char U+2013 (decimal 8211)
   defining Unicode char U+2014 (decimal 8212)
   defining Unicode char U+2018 (decimal 8216)
   defining Unicode char U+2019 (decimal 8217)
   defining Unicode char U+201A (decimal 8218)
   defining Unicode char U+201C (decimal 8220)
   defining Unicode char U+201D (decimal 8221)
   defining Unicode char U+201E (decimal 8222)
   defining Unicode char U+2030 (decimal 8240)
   defining Unicode char U+2031 (decimal 8241)
   defining Unicode char U+2039 (decimal 8249)
   defining Unicode char U+203A (decimal 8250)
   defining Unicode char U+2423 (decimal 9251)
)
Now handling font encoding OT1 ...
... processing UTF-8 mapping file for font encodingOT1

("C:\Program Files\MiKTeX\tex\latex\base\ot1enc.dfu"
File: ot1enc.dfu 2006/03/30 v1.1i UTF-8 support for inputenc
   defining Unicode char U+00A1 (decimal 161)
   defining Unicode char U+00A3 (decimal 163)
   defining Unicode char U+00B8 (decimal 184)
   defining Unicode char U+00BF (decimal 191)
   defining Unicode char U+00C5 (decimal 197)
   defining Unicode char U+00C6 (decimal 198)
   defining Unicode char U+00D8 (decimal 216)
   defining Unicode char U+00DF (decimal 223)
   defining Unicode char U+00E6 (decimal 230)
   defining Unicode char U+00EC (decimal 236)
   defining Unicode char U+00ED (decimal 237)
   defining Unicode char U+00EE (decimal 238)
   defining Unicode char U+00EF (decimal 239)
   defining Unicode char U+00F8 (decimal 248)
   defining Unicode char U+0131 (decimal 305)
   defining Unicode char U+0141 (decimal 321)
   defining Unicode char U+0142 (decimal 322)
   defining Unicode char U+0152 (decimal 338)
   defining Unicode char U+0153 (decimal 339)
   defining Unicode char U+2013 (decimal 8211)
   defining Unicode char U+2014 (decimal 8212)
   defining Unicode char U+2018 (decimal 8216)
   defining Unicode char U+2019 (decimal 8217)
   defining Unicode char U+201C (decimal 8220)
   defining Unicode char U+201D (decimal 8221)
)
Now handling font encoding OMS ...
... processing UTF-8 mapping file for font encodingOMS

("C:\Program Files\MiKTeX\tex\latex\base\omsenc.dfu"
File: omsenc.dfu 2006/03/30 v1.1i UTF-8 support for inputenc
   defining Unicode char U+00A7 (decimal 167)
   defining Unicode char U+00B6 (decimal 182)
   defining Unicode char U+00B7 (decimal 183)
   defining Unicode char U+2020 (decimal 8224)
   defining Unicode char U+2021 (decimal 8225)
   defining Unicode char U+2022 (decimal 8226)
)
Now handling font encoding OMX ...
... no UTF-8 mapping file for font encoding OMX
Now handling font encoding U ...
... no UTF-8 mapping file for font encoding U
   defining Unicode char U+00A9 (decimal 169)
   defining Unicode char U+00AA (decimal 170)
   defining Unicode char U+00AE (decimal 174)
   defining Unicode char U+00BA (decimal 186)
   defining Unicode char U+02C6 (decimal 710)
   defining Unicode char U+02DC (decimal 732)
   defining Unicode char U+200C (decimal 8204)
   defining Unicode char U+2026 (decimal 8230)
   defining Unicode char U+2122 (decimal 8482)
   defining Unicode char U+2423 (decimal 9251)
))
("C:\Program Files\MiKTeX\tex\latex\base\fontenc.sty"
Package: fontenc 2005/09/27 v1.99g Standard LaTeX package

("C:\Program Files\MiKTeX\tex\latex\base\t1enc.def"
File: t1enc.def 2005/09/27 v1.99g Standard LaTeX file
LaTeX Font Info:    Redeclaring font encoding T1 on input line 43.
))
("C:\Program Files\MiKTeX\tex\generic\babel\babel.sty"
Package: babel 2008/07/06 v3.8l The Babel package

*************************************
* Local config file bblopts.cfg used
*
("C:\Program Files\MiKTeX\tex\latex\00miktex\bblopts.cfg"
File: bblopts.cfg 2006/07/31 v1.0 MiKTeX 'babel' configuration
)
("C:\Program Files\MiKTeX\tex\generic\babel\english.ldf"
Language: english 2005/03/30 v3.3o English support from the babel system

("C:\Program Files\MiKTeX\tex\generic\babel\babel.def"
File: babel.def 2008/07/06 v3.8l Babel common definitions
\babel@savecnt=\count88
\U@D=\dimen103
)
\l@canadian = a dialect from \language\l@american 
\l@australian = a dialect from \language\l@british 
\l@newzealand = a dialect from \language\l@british 
))
("C:\Program Files\MiKTeX\tex\latex\psnfss\times.sty"
Package: times 2005/04/12 PSNFSS-v9.2a (SPQR) 
) (fncychap.sty
Package: fncychap 2007/07/30 v1.34 LaTeX package (Revised chapters)
\RW=\skip43
\mylen=\skip44
\myhi=\skip45
\px=\skip46
\py=\skip47
\pyy=\skip48
\pxx=\skip49
\c@AlphaCnt=\count89
\c@AlphaDecCnt=\count90
)
("C:\Program Files\MiKTeX\tex\latex\tools\longtable.sty"
Package: longtable 2004/02/01 v4.11 Multi-page Table package (DPC)
\LTleft=\skip50
\LTright=\skip51
\LTpre=\skip52
\LTpost=\skip53
\LTchunksize=\count91
\LTcapwidth=\dimen104
\LT@head=\box26
\LT@firsthead=\box27
\LT@foot=\box28
\LT@lastfoot=\box29
\LT@cols=\count92
\LT@rows=\count93
\c@LT@tables=\count94
\c@LT@chunks=\count95
\LT@p@ftn=\toks16
) (sphinx.sty
Package: sphinx 2008/05/01 LaTeX package (Sphinx markup)

("C:\Program Files\MiKTeX\tex\latex\base\textcomp.sty"
Package: textcomp 2005/09/27 v1.99g Standard LaTeX package
Package textcomp Info: Sub-encoding information:
(textcomp)               5 = only ISO-Adobe without \textcurrency
(textcomp)               4 = 5 + \texteuro
(textcomp)               3 = 4 + \textohm
(textcomp)               2 = 3 + \textestimated + \textcurrency
(textcomp)               1 = TS1 - \textcircled - \t
(textcomp)               0 = TS1 (full)
(textcomp)             Font families with sub-encoding setting implement
(textcomp)             only a restricted character set as indicated.
(textcomp)             Family '?' is the default used for unknown fonts.
(textcomp)             See the documentation for details.
Package textcomp Info: Setting ? sub-encoding to TS1/1 on input line 71.

("C:\Program Files\MiKTeX\tex\latex\base\ts1enc.def"
File: ts1enc.def 2001/06/05 v3.0e (jk/car/fm) Standard LaTeX file
Now handling font encoding TS1 ...
... processing UTF-8 mapping file for font encoding TS1

("C:\Program Files\MiKTeX\tex\latex\base\ts1enc.dfu"
File: ts1enc.dfu 2006/03/30 v1.1i UTF-8 support for inputenc
   defining Unicode char U+00A2 (decimal 162)
   defining Unicode char U+00A3 (decimal 163)
   defining Unicode char U+00A4 (decimal 164)
   defining Unicode char U+00A5 (decimal 165)
   defining Unicode char U+00A6 (decimal 166)
   defining Unicode char U+00A7 (decimal 167)
   defining Unicode char U+00A8 (decimal 168)
   defining Unicode char U+00A9 (decimal 169)
   defining Unicode char U+00AA (decimal 170)
   defining Unicode char U+00AC (decimal 172)
   defining Unicode char U+00AE (decimal 174)
   defining Unicode char U+00AF (decimal 175)
   defining Unicode char U+00B0 (decimal 176)
   defining Unicode char U+00B1 (decimal 177)
   defining Unicode char U+00B2 (decimal 178)
   defining Unicode char U+00B3 (decimal 179)
   defining Unicode char U+00B4 (decimal 180)
   defining Unicode char U+00B5 (decimal 181)
   defining Unicode char U+00B6 (decimal 182)
   defining Unicode char U+00B7 (decimal 183)
   defining Unicode char U+00B9 (decimal 185)
   defining Unicode char U+00BA (decimal 186)
   defining Unicode char U+00BC (decimal 188)
   defining Unicode char U+00BD (decimal 189)
   defining Unicode char U+00BE (decimal 190)
   defining Unicode char U+00D7 (decimal 215)
   defining Unicode char U+00F7 (decimal 247)
   defining Unicode char U+0192 (decimal 402)
   defining Unicode char U+02C7 (decimal 711)
   defining Unicode char U+02D8 (decimal 728)
   defining Unicode char U+02DD (decimal 733)
   defining Unicode char U+0E3F (decimal 3647)
   defining Unicode char U+2016 (decimal 8214)
   defining Unicode char U+2020 (decimal 8224)
   defining Unicode char U+2021 (decimal 8225)
   defining Unicode char U+2022 (decimal 8226)
   defining Unicode char U+2030 (decimal 8240)
   defining Unicode char U+2031 (decimal 8241)
   defining Unicode char U+203B (decimal 8251)
   defining Unicode char U+203D (decimal 8253)
   defining Unicode char U+2044 (decimal 8260)
   defining Unicode char U+204E (decimal 8270)
   defining Unicode char U+2052 (decimal 8274)
   defining Unicode char U+20A1 (decimal 8353)
   defining Unicode char U+20A4 (decimal 8356)
   defining Unicode char U+20A6 (decimal 8358)
   defining Unicode char U+20A9 (decimal 8361)
   defining Unicode char U+20AB (decimal 8363)
   defining Unicode char U+20AC (decimal 8364)
   defining Unicode char U+20B1 (decimal 8369)
   defining Unicode char U+2103 (decimal 8451)
   defining Unicode char U+2116 (decimal 8470)
   defining Unicode char U+2117 (decimal 8471)
   defining Unicode char U+211E (decimal 8478)
   defining Unicode char U+2120 (decimal 8480)
   defining Unicode char U+2122 (decimal 8482)
   defining Unicode char U+2126 (decimal 8486)
   defining Unicode char U+2127 (decimal 8487)
   defining Unicode char U+212E (decimal 8494)
   defining Unicode char U+2190 (decimal 8592)
   defining Unicode char U+2191 (decimal 8593)
   defining Unicode char U+2192 (decimal 8594)
   defining Unicode char U+2193 (decimal 8595)
   defining Unicode char U+2329 (decimal 9001)
   defining Unicode char U+232A (decimal 9002)
   defining Unicode char U+2422 (decimal 9250)
   defining Unicode char U+25E6 (decimal 9702)
   defining Unicode char U+25EF (decimal 9711)
   defining Unicode char U+266A (decimal 9834)
))
LaTeX Info: Redefining \oldstylenums on input line 266.
Package textcomp Info: Setting cmr sub-encoding to TS1/0 on input line 281.
Package textcomp Info: Setting cmss sub-encoding to TS1/0 on input line 282.
Package textcomp Info: Setting cmtt sub-encoding to TS1/0 on input line 283.
Package textcomp Info: Setting cmvtt sub-encoding to TS1/0 on input line 284.
Package textcomp Info: Setting cmbr sub-encoding to TS1/0 on input line 285.
Package textcomp Info: Setting cmtl sub-encoding to TS1/0 on input line 286.
Package textcomp Info: Setting ccr sub-encoding to TS1/0 on input line 287.
Package textcomp Info: Setting ptm sub-encoding to TS1/4 on input line 288.
Package textcomp Info: Setting pcr sub-encoding to TS1/4 on input line 289.
Package textcomp Info: Setting phv sub-encoding to TS1/4 on input line 290.
Package textcomp Info: Setting ppl sub-encoding to TS1/3 on input line 291.
Package textcomp Info: Setting pag sub-encoding to TS1/4 on input line 292.
Package textcomp Info: Setting pbk sub-encoding to TS1/4 on input line 293.
Package textcomp Info: Setting pnc sub-encoding to TS1/4 on input line 294.
Package textcomp Info: Setting pzc sub-encoding to TS1/4 on input line 295.
Package textcomp Info: Setting bch sub-encoding to TS1/4 on input line 296.
Package textcomp Info: Setting put sub-encoding to TS1/5 on input line 297.
Package textcomp Info: Setting uag sub-encoding to TS1/5 on input line 298.
Package textcomp Info: Setting ugq sub-encoding to TS1/5 on input line 299.
Package textcomp Info: Setting ul8 sub-encoding to TS1/4 on input line 300.
Package textcomp Info: Setting ul9 sub-encoding to TS1/4 on input line 301.
Package textcomp Info: Setting augie sub-encoding to TS1/5 on input line 302.
Package textcomp Info: Setting dayrom sub-encoding to TS1/3 on input line 303.
Package textcomp Info: Setting dayroms sub-encoding to TS1/3 on input line 304.

Package textcomp Info: Setting pxr sub-encoding to TS1/0 on input line 305.
Package textcomp Info: Setting pxss sub-encoding to TS1/0 on input line 306.
Package textcomp Info: Setting pxtt sub-encoding to TS1/0 on input line 307.
Package textcomp Info: Setting txr sub-encoding to TS1/0 on input line 308.
Package textcomp Info: Setting txss sub-encoding to TS1/0 on input line 309.
Package textcomp Info: Setting txtt sub-encoding to TS1/0 on input line 310.
Package textcomp Info: Setting futs sub-encoding to TS1/4 on input line 311.
Package textcomp Info: Setting futx sub-encoding to TS1/4 on input line 312.
Package textcomp Info: Setting futj sub-encoding to TS1/4 on input line 313.
Package textcomp Info: Setting hlh sub-encoding to TS1/3 on input line 314.
Package textcomp Info: Setting hls sub-encoding to TS1/3 on input line 315.
Package textcomp Info: Setting hlst sub-encoding to TS1/3 on input line 316.
Package textcomp Info: Setting hlct sub-encoding to TS1/5 on input line 317.
Package textcomp Info: Setting hlx sub-encoding to TS1/5 on input line 318.
Package textcomp Info: Setting hlce sub-encoding to TS1/5 on input line 319.
Package textcomp Info: Setting hlcn sub-encoding to TS1/5 on input line 320.
Package textcomp Info: Setting hlcw sub-encoding to TS1/5 on input line 321.
Package textcomp Info: Setting hlcf sub-encoding to TS1/5 on input line 322.
Package textcomp Info: Setting pplx sub-encoding to TS1/3 on input line 323.
Package textcomp Info: Setting pplj sub-encoding to TS1/3 on input line 324.
Package textcomp Info: Setting ptmx sub-encoding to TS1/4 on input line 325.
Package textcomp Info: Setting ptmj sub-encoding to TS1/4 on input line 326.
)
("C:\Program Files\MiKTeX\tex\latex\fancyhdr\fancyhdr.sty"
\fancy@headwidth=\skip54
\f@ncyO@elh=\skip55
\f@ncyO@erh=\skip56
\f@ncyO@olh=\skip57
\f@ncyO@orh=\skip58
\f@ncyO@elf=\skip59
\f@ncyO@erf=\skip60
\f@ncyO@olf=\skip61
\f@ncyO@orf=\skip62
)
("C:\Program Files\MiKTeX\tex\latex\fancybox\fancybox.sty"
Package: fancybox 2000/09/19 1.3

Style option: `fancybox' v1.3 <2000/09/19> (tvz)
\@fancybox=\box30
\shadowsize=\dimen105
\@Sbox=\box31
\do@VerbBox=\toks17
\the@fancyput=\toks18
\this@fancyput=\toks19
\EndVerbatimTokens=\toks20
\Verbatim@Outfile=\write3
\Verbatim@Infile=\read1
) ("C:\Program Files\MiKTeX\tex\latex\titlesec\titlesec.sty"
Package: titlesec 2007/08/12 v2.8 Sectioning titles
\ttl@box=\box32
\beforetitleunit=\skip63
\aftertitleunit=\skip64
\ttl@plus=\dimen106
\ttl@minus=\dimen107
\ttl@toksa=\toks21
\titlewidth=\dimen108
\titlewidthlast=\dimen109
\titlewidthfirst=\dimen110
) (tabulary.sty
Package: tabulary 2007/10/02 v0.9 tabulary package (DPC)

("C:\Program Files\MiKTeX\tex\latex\tools\array.sty"
Package: array 2005/08/23 v2.4b Tabular extension package (FMi)
\col@sep=\dimen111
\extrarowheight=\dimen112
\NC@list=\toks22
\extratabsurround=\skip65
\backup@length=\skip66
)
\TY@count=\count96
\TY@linewidth=\dimen113
\tymin=\dimen114
\tymax=\dimen115
\TY@tablewidth=\dimen116
)
("C:\Program Files\MiKTeX\tex\latex\amsmath\amsmath.sty"
Package: amsmath 2000/07/18 v2.13 AMS math features
\@mathmargin=\skip67

For additional information on amsmath, use the `?' option.
("C:\Program Files\MiKTeX\tex\latex\amsmath\amstext.sty"
Package: amstext 2000/06/29 v2.01

("C:\Program Files\MiKTeX\tex\latex\amsmath\amsgen.sty"
File: amsgen.sty 1999/11/30 v2.0
\@emptytoks=\toks23
\ex@=\dimen117
))
("C:\Program Files\MiKTeX\tex\latex\amsmath\amsbsy.sty"
Package: amsbsy 1999/11/29 v1.2d
\pmbraise@=\dimen118
)
("C:\Program Files\MiKTeX\tex\latex\amsmath\amsopn.sty"
Package: amsopn 1999/12/14 v2.01 operator names
)
\inf@bad=\count97
LaTeX Info: Redefining \frac on input line 211.
\uproot@=\count98
\leftroot@=\count99
LaTeX Info: Redefining \overline on input line 307.
\classnum@=\count100
\DOTSCASE@=\count101
LaTeX Info: Redefining \ldots on input line 379.
LaTeX Info: Redefining \dots on input line 382.
LaTeX Info: Redefining \cdots on input line 467.
\Mathstrutbox@=\box33
\strutbox@=\box34
\big@size=\dimen119
LaTeX Font Info:    Redeclaring font encoding OML on input line 567.
LaTeX Font Info:    Redeclaring font encoding OMS on input line 568.
\macc@depth=\count102
\c@MaxMatrixCols=\count103
\dotsspace@=\muskip10
\c@parentequation=\count104
\dspbrk@lvl=\count105
\tag@help=\toks24
\row@=\count106
\column@=\count107
\maxfields@=\count108
\andhelp@=\toks25
\eqnshift@=\dimen120
\alignsep@=\dimen121
\tagshift@=\dimen122
\tagwidth@=\dimen123
\totwidth@=\dimen124
\lineht@=\dimen125
\@envbody=\toks26
\multlinegap=\skip68
\multlinetaggap=\skip69
\mathdisplay@stack=\toks27
LaTeX Info: Redefining \[ on input line 2666.
LaTeX Info: Redefining \] on input line 2667.
)
("C:\Program Files\MiKTeX\tex\latex\base\makeidx.sty"
Package: makeidx 2000/03/29 v1.0m Standard LaTeX package
)
("C:\Program Files\MiKTeX\tex\latex\ltxmisc\framed.sty"
Package: framed 2007/10/04 v 0.95: framed or shaded text with page breaks
\fb@frw=\dimen126
\fb@frh=\dimen127
\FrameRule=\dimen128
\FrameSep=\dimen129
)
("C:\Program Files\MiKTeX\tex\latex\graphics\color.sty"
Package: color 2005/11/14 v1.0j Standard LaTeX Color (DPC)

("C:\Program Files\MiKTeX\tex\latex\00miktex\color.cfg"
File: color.cfg 2007/01/18 v1.5 color configuration of teTeX/TeXLive
)
Package color Info: Driver file: pdftex.def on input line 130.

("C:\Program Files\MiKTeX\tex\latex\pdftex-def\pdftex.def"
File: pdftex.def 2008/09/08 v0.04l Graphics/color for pdfTeX
\Gread@gobject=\count109
))
("C:\Program Files\MiKTeX\tex\latex\fancyvrb\fancyvrb.sty"
Package: fancyvrb 2008/02/07

Style option: `fancyvrb' v2.7a, with DG/SPQR fixes, and firstline=lastline fix 
<2008/02/07> (tvz) ("C:\Program Files\MiKTeX\tex\latex\graphics\keyval.sty"
Package: keyval 1999/03/16 v1.13 key=value parser (DPC)
\KV@toks@=\toks28
)
\FV@CodeLineNo=\count110
\FV@InFile=\read2
\FV@TabBox=\box35
\c@FancyVerbLine=\count111
\FV@StepNumber=\count112
\FV@OutFile=\write4
)
("C:\Program Files\MiKTeX\tex\latex\ltxmisc\threeparttable.sty"
Package: threeparttable 2003/06/13  v 3.0
\@tempboxb=\box36
)
("C:\Program Files\MiKTeX\tex\latex\mdwtools\footnote.sty"
Package: footnote 1997/01/28 1.13 Save footnotes around boxes
\fn@notes=\box37
\fn@width=\dimen130
)
("C:\Program Files\MiKTeX\tex\latex\wrapfig\wrapfig.sty"
\wrapoverhang=\dimen131
\WF@size=\dimen132
\c@WF@wrappedlines=\count113
\WF@box=\box38
\WF@everypar=\toks29
Package: wrapfig 2003/01/31  v 3.6
)
("C:\Program Files\MiKTeX\tex\latex\ltxmisc\parskip.sty"
Package: parskip 2001/04/09 non-zero parskip adjustments
)
("C:\Program Files\MiKTeX\tex\latex\graphics\graphicx.sty"
Package: graphicx 1999/02/16 v1.0f Enhanced LaTeX Graphics (DPC,SPQR)

("C:\Program Files\MiKTeX\tex\latex\graphics\graphics.sty"
Package: graphics 2006/02/20 v1.0o Standard LaTeX Graphics (DPC,SPQR)

("C:\Program Files\MiKTeX\tex\latex\graphics\trig.sty"
Package: trig 1999/03/16 v1.09 sin cos tan (DPC)
)
("C:\Program Files\MiKTeX\tex\latex\00miktex\graphics.cfg"
File: graphics.cfg 2007/01/18 v1.5 graphics configuration of teTeX/TeXLive
)
Package graphics Info: Driver file: pdftex.def on input line 90.
)
\Gin@req@height=\dimen133
\Gin@req@width=\dimen134
)
("C:\Program Files\MiKTeX\tex\plain\misc\pdfcolor.tex")
\distancetoright=\skip70
\leftsidespace=\skip71
\py@argswidth=\skip72
\py@noticelength=\skip73
\lineblockindentation=\skip74
\image@box=\box39
\image@width=\dimen135

("C:\Program Files\MiKTeX\tex\latex\hyperref\hyperref.sty"
Package: hyperref 2008/12/26 v6.78n Hypertext links for LaTeX

("C:\Program Files\MiKTeX\tex\generic\oberdiek\ifpdf.sty"
Package: ifpdf 2007/12/12 v1.6 Provides the ifpdf switch (HO)
Package ifpdf Info: pdfTeX in pdf mode detected.
)
("C:\Program Files\MiKTeX\tex\generic\oberdiek\ifvtex.sty"
Package: ifvtex 2008/11/04 v1.4 Switches for detecting VTeX and its modes (HO)
Package ifvtex Info: VTeX not detected.
)
("C:\Program Files\MiKTeX\tex\generic\ifxetex\ifxetex.sty"
Package: ifxetex 2008/09/18 v0.4 Provides ifxetex conditional
)
("C:\Program Files\MiKTeX\tex\latex\oberdiek\hycolor.sty"
Package: hycolor 2008/09/08 v1.4 Code for color options of hyperref/bookmark (H
O)

("C:\Program Files\MiKTeX\tex\latex\oberdiek\xcolor-patch.sty"
Package: xcolor-patch 2008/09/08 xcolor patch
))
\@linkdim=\dimen136
\Hy@linkcounter=\count114
\Hy@pagecounter=\count115

("C:\Program Files\MiKTeX\tex\latex\hyperref\pd1enc.def"
File: pd1enc.def 2008/12/26 v6.78n Hyperref: PDFDocEncoding definition (HO)
Now handling font encoding PD1 ...
... no UTF-8 mapping file for font encoding PD1
)
("C:\Program Files\MiKTeX\tex\generic\oberdiek\etexcmds.sty"
Package: etexcmds 2007/12/12 v1.2 Prefix for e-TeX command names (HO)

("C:\Program Files\MiKTeX\tex\generic\oberdiek\infwarerr.sty"
Package: infwarerr 2007/09/09 v1.2 Providing info/warning/message (HO)
)
Package etexcmds Info: Could not find \expanded.
(etexcmds)             That can mean that you are not using pdfTeX 1.50 or
(etexcmds)             that some package has redefined \expanded.
(etexcmds)             In the latter case, load this package earlier.
)
("C:\Program Files\MiKTeX\tex\latex\00miktex\hyperref.cfg"
File: hyperref.cfg 2002/06/06 v1.2 hyperref configuration of TeXLive
)
("C:\Program Files\MiKTeX\tex\latex\oberdiek\kvoptions.sty"
Package: kvoptions 2007/10/18 v3.0 Keyval support for LaTeX options (HO)
)
Package hyperref Info: Option `colorlinks' set `true' on input line 2796.
Package hyperref Info: Option `breaklinks' set `true' on input line 2796.


Package hyperref Warning: Option `pagecolor' is not available anymore.

Package hyperref Info: Hyper figures OFF on input line 2907.
Package hyperref Info: Link nesting OFF on input line 2912.
Package hyperref Info: Hyper index ON on input line 2915.
Package hyperref Info: Plain pages OFF on input line 2922.
Package hyperref Info: Backreferencing OFF on input line 2927.
Implicit mode ON; LaTeX internals redefined
Package hyperref Info: Bookmarks ON on input line 3117.
("C:\Program Files\MiKTeX\tex\latex\ltxmisc\url.sty"
\Urlmuskip=\muskip11
Package: url 2006/04/12  ver 3.3  Verb mode for urls, etc.
)
LaTeX Info: Redefining \url on input line 3354.

("C:\Program Files\MiKTeX\tex\generic\oberdiek\bitset.sty"
Package: bitset 2007/09/28 v1.0 Data type bit set (HO)

("C:\Program Files\MiKTeX\tex\generic\oberdiek\intcalc.sty"
Package: intcalc 2007/09/27 v1.1 Expandable integer calculations (HO)
)
("C:\Program Files\MiKTeX\tex\generic\oberdiek\bigintcalc.sty"
Package: bigintcalc 2007/11/11 v1.1 Expandable big integer calculations (HO)

("C:\Program Files\MiKTeX\tex\generic\oberdiek\pdftexcmds.sty"
Package: pdftexcmds 2007/12/12 v0.3 LuaTeX support for pdfTeX utility functions
 (HO)
Package pdftexcmds Info: LuaTeX not detected on input line 139.
)))
("C:\Program Files\MiKTeX\tex\generic\oberdiek\kvsetkeys.sty"
Package: kvsetkeys 2007/09/29 v1.3 Key value parser with default handler suppor
t (HO)
)
\Fld@menulength=\count116
\Field@Width=\dimen137
\Fld@charsize=\dimen138
\Field@toks=\toks30
Package hyperref Info: Hyper figures OFF on input line 4271.
Package hyperref Info: Link nesting OFF on input line 4276.
Package hyperref Info: Hyper index ON on input line 4279.
Package hyperref Info: backreferencing OFF on input line 4286.
Package hyperref Info: Link coloring ON on input line 4289.
Package hyperref Info: Link coloring with OCG OFF on input line 4296.
Package hyperref Info: PDF/A mode OFF on input line 4301.

("C:\Program Files\MiKTeX\tex\generic\oberdiek\atbegshi.sty"
Package: atbegshi 2008/07/31 v1.9 At begin shipout hook (HO)
)
\Hy@abspage=\count117
\c@Item=\count118
\c@Hfootnote=\count119
)
*hyperref using default driver hpdftex*
("C:\Program Files\MiKTeX\tex\latex\hyperref\hpdftex.def"
File: hpdftex.def 2008/12/26 v6.78n Hyperref driver for pdfTeX
\Fld@listcount=\count120
))
\@indexfile=\write5

Writing index file webscavator.idx
\modindexfile=\write6
(webscavator.aux)
LaTeX Font Info:    Checking defaults for OML/cmm/m/it on input line 83.
LaTeX Font Info:    ... okay on input line 83.
LaTeX Font Info:    Checking defaults for T1/cmr/m/n on input line 83.
LaTeX Font Info:    ... okay on input line 83.
LaTeX Font Info:    Checking defaults for OT1/cmr/m/n on input line 83.
LaTeX Font Info:    ... okay on input line 83.
LaTeX Font Info:    Checking defaults for OMS/cmsy/m/n on input line 83.
LaTeX Font Info:    ... okay on input line 83.
LaTeX Font Info:    Checking defaults for OMX/cmex/m/n on input line 83.
LaTeX Font Info:    ... okay on input line 83.
LaTeX Font Info:    Checking defaults for U/cmr/m/n on input line 83.
LaTeX Font Info:    ... okay on input line 83.
LaTeX Font Info:    Checking defaults for TS1/cmr/m/n on input line 83.
LaTeX Font Info:    Try loading font information for TS1+cmr on input line 83.
 ("C:\Program Files\MiKTeX\tex\latex\base\ts1cmr.fd"
File: ts1cmr.fd 1999/05/25 v2.5h Standard LaTeX font definitions
)
LaTeX Font Info:    ... okay on input line 83.
LaTeX Font Info:    Checking defaults for PD1/pdf/m/n on input line 83.
LaTeX Font Info:    ... okay on input line 83.
LaTeX Font Info:    Try loading font information for T1+ptm on input line 83.

("C:\Program Files\MiKTeX\tex\latex\psnfss\t1ptm.fd"
File: t1ptm.fd 2001/06/04 font definitions for T1/ptm.
)
("C:\Program Files\MiKTeX\tex\context\base\supp-pdf.tex"
[Loading MPS to PDF converter (version 2006.09.02).]
\scratchcounter=\count121
\scratchdimen=\dimen139
\scratchbox=\box40
\nofMPsegments=\count122
\nofMParguments=\count123
\everyMPshowfont=\toks31
\MPscratchCnt=\count124
\MPscratchDim=\dimen140
\MPnumerator=\count125
\everyMPtoPDFconversion=\toks32
)
Package hyperref Info: Link coloring ON on input line 83.
 ("C:\Program Files\MiKTeX\tex\latex\hyperref\nameref.sty"
Package: nameref 2007/05/29 v2.31 Cross-referencing by name of section

("C:\Program Files\MiKTeX\tex\latex\oberdiek\refcount.sty"
Package: refcount 2008/08/11 v3.1 Data extraction from references (HO)
)
\c@section@level=\count126
)
LaTeX Info: Redefining \ref on input line 83.
LaTeX Info: Redefining \pageref on input line 83.
 (webscavator.out)
(webscavator.out)
\@outlinefile=\write7
\AtBeginShipoutBox=\box41
LaTeX Font Info:    Try loading font information for T1+phv on input line 86.
 ("C:\Program Files\MiKTeX\tex\latex\psnfss\t1phv.fd"
File: t1phv.fd 2001/06/04 scalable font definitions for T1/phv.
)
LaTeX Font Info:    Font shape `T1/phv/bx/n' in size <24.88> not available
(Font)              Font shape `T1/phv/b/n' tried instead on input line 86.
LaTeX Font Info:    Font shape `T1/phv/m/it' in size <17.28> not available
(Font)              Font shape `T1/phv/m/sl' tried instead on input line 86.
LaTeX Font Info:    Font shape `T1/phv/bx/it' in size <17.28> not available
(Font)              Font shape `T1/phv/b/it' tried instead on input line 86.
LaTeX Font Info:    Font shape `T1/phv/b/it' in size <17.28> not available
(Font)              Font shape `T1/phv/b/sl' tried instead on input line 86.
LaTeX Font Info:    Font shape `T1/phv/bx/n' in size <17.28> not available
(Font)              Font shape `T1/phv/b/n' tried instead on input line 86.

[1

{C:/Documents and Settings/All Users/Application Data/MiKTeX/2.7/pdftex/config/
pdftex.map}] [2

] (webscavator.toc
LaTeX Font Info:    Font shape `T1/ptm/bx/n' in size <10> not available
(Font)              Font shape `T1/ptm/b/n' tried instead on input line 2.
)
\tf@toc=\write8

Adding blank page after the table of contents.
LaTeX Font Info:    Font shape `T1/phv/bx/n' in size <10> not available
(Font)              Font shape `T1/phv/b/n' tried instead on input line 86.
pdfTeX warning (ext4): destination with the same identifier (name{page.i}) has 
been already used, duplicate ignored
<to be read again> 
                   \relax 
l.86 \tableofcontents
                      [1

]pdfTeX warning (ext4): destination with the same identifier (name{page.ii}) ha
s been already used, duplicate ignored
<to be read again> 
                   \relax 
l.86 \tableofcontents
                      [2]
Chapter 1.
LaTeX Font Info:    Font shape `T1/phv/bx/n' in size <14.4> not available
(Font)              Font shape `T1/phv/b/n' tried instead on input line 91.
[1


] [2

]
Chapter 2.
LaTeX Font Info:    Font shape `T1/phv/bx/n' in size <12> not available
(Font)              Font shape `T1/phv/b/n' tried instead on input line 129.
LaTeX Font Info:    Try loading font information for T1+pcr on input line 133.
("C:\Program Files\MiKTeX\tex\latex\psnfss\t1pcr.fd"
File: t1pcr.fd 2001/06/04 font definitions for T1/pcr.
)
LaTeX Font Info:    Font shape `T1/pcr/bx/n' in size <10> not available
(Font)              Font shape `T1/pcr/b/n' tried instead on input line 140.
 [3] [4] [5] [6] [7]
[8] [9] [10]
LaTeX Font Info:    Font shape `T1/ptm/bx/it' in size <10> not available
(Font)              Font shape `T1/ptm/b/it' tried instead on input line 856.
 [11] [12] [13] [14] [15] [16] [17] [18] [19] [20] [21]
Underfull \hbox (badness 6510) in paragraph at lines 2008--2008
[]\T1/ptm/m/it/10 startdate, end-date, start-time, end-time, case, re-move_func
s, high-light_funcs, re-
 []

[22]
Underfull \hbox (badness 10000) in paragraph at lines 2129--2131
\T1/ptm/m/n/10 Return the full name of the web his-tory pro-gram used to cre-at
e the file. See
 []

[23] [24] [25] [26] [27] [28] [29] [30]
Chapter 3.
LaTeX Font Info:    Try loading font information for TS1+ptm on input line 2881
.
("C:\Program Files\MiKTeX\tex\latex\psnfss\ts1ptm.fd"
File: ts1ptm.fd 2001/06/04 font definitions for TS1/ptm.
) (modwebscavator.ind
[31

] [32

]
Overfull \hbox (0.6225pt too wide) in paragraph at lines 11--12
[]\T1/pcr/m/n/10 webscavator.controllers.baseController\T1/ptm/m/n/10 ,
 []


Overfull \hbox (0.6225pt too wide) in paragraph at lines 12--13
[]\T1/pcr/m/n/10 webscavator.controllers.caseController\T1/ptm/m/n/10 ,
 []


Overfull \hbox (18.6225pt too wide) in paragraph at lines 13--14
[]\T1/pcr/m/n/10 webscavator.controllers.generalController\T1/ptm/m/n/10 ,
 []


Overfull \hbox (12.6225pt too wide) in paragraph at lines 14--15
[]\T1/pcr/m/n/10 webscavator.controllers.visualController\T1/ptm/m/n/10 ,
 []


Overfull \hbox (12.6225pt too wide) in paragraph at lines 16--17
[]\T1/pcr/m/n/10 webscavator.converters.chromecacheviewer\T1/ptm/m/n/10 ,
 []


Underfull \hbox (badness 10000) in paragraph at lines 17--18
[]\T1/pcr/m/n/10 webscavator.converters.csv_converter\T1/ptm/m/n/10 ,
 []


Overfull \hbox (84.6225pt too wide) in paragraph at lines 31--32
[]\T1/pcr/m/n/10 webscavator.test.functionaltests.test_caseController\T1/ptm/m/
n/10 ,
 []


Overfull \hbox (102.6225pt too wide) in paragraph at lines 32--33
[]\T1/pcr/m/n/10 webscavator.test.functionaltests.test_generalController\T1/ptm
/m/n/10 ,
 []


Overfull \hbox (96.6225pt too wide) in paragraph at lines 33--34
[]\T1/pcr/m/n/10 webscavator.test.functionaltests.test_visualController\T1/ptm/
m/n/10 ,
 []


Underfull \hbox (badness 10000) in paragraph at lines 35--36
[]\T1/pcr/m/n/10 webscavator.test.unittests.test_forms\T1/ptm/m/n/10 ,
 []


Overfull \hbox (0.6225pt too wide) in paragraph at lines 36--37
[]\T1/pcr/m/n/10 webscavator.test.unittests.test_models\T1/ptm/m/n/10 ,
 []


Overfull \hbox (24.6225pt too wide) in paragraph at lines 37--38
[]\T1/pcr/m/n/10 webscavator.test.unittests.test_validators\T1/ptm/m/n/10 ,
 []

[33

]) (webscavator.ind [34


]
Overfull \hbox (46.22948pt too wide) in paragraph at lines 5--6
[]\T1/ptm/m/n/10 about() (web-sca-v-a-tor.controllers.generalController.General
Controller
 []


Underfull \hbox (badness 10000) in paragraph at lines 8--9
[]\T1/ptm/m/n/10 access_time_str (web-sca-v-a-tor.model.models.Entry
 []


Underfull \hbox (badness 10000) in paragraph at lines 10--11
[]\T1/ptm/m/n/10 add_element() (web-sca-v-a-tor.model.filters.FilterQuery
 []


Overfull \hbox (32.89943pt too wide) in paragraph at lines 13--14
[]\T1/ptm/m/n/10 addData() (web-sca-v-a-tor.controllers.caseController.CaseCont
roller
 []


Underfull \hbox (badness 10000) in paragraph at lines 14--16
[]\T1/ptm/m/n/10 addDefaultFilters() (web-sca-v-a-
 []


Underfull \hbox (badness 10000) in paragraph at lines 14--16
\T1/ptm/m/n/10 tor.controllers.baseController.BaseController
 []


Overfull \hbox (36.23952pt too wide) in paragraph at lines 16--17
[]\T1/ptm/m/n/10 addEntry() (web-sca-v-a-tor.controllers.caseController.CaseCon
troller
 []


Overfull \hbox (48.439pt too wide) in paragraph at lines 17--19
[]\T1/ptm/m/n/10 addFilter() (web-sca-v-a-tor.controllers.visualController.Visu
alController
 []


Underfull \hbox (badness 10000) in paragraph at lines 25--26
[]\T1/ptm/m/n/10 BaseController (class in web-sca-v-a-
 []


Underfull \hbox (badness 10000) in paragraph at lines 30--31
[]\T1/ptm/m/n/10 browsername (web-sca-v-a-tor.model.models.Entry at-
 []


Underfull \hbox (badness 10000) in paragraph at lines 37--39
[]\T1/ptm/m/n/10 case_details() (web-sca-v-a-
 []


Underfull \hbox (badness 10000) in paragraph at lines 37--39
\T1/ptm/m/n/10 tor.controllers.caseController.CaseController
 []


Underfull \hbox (badness 10000) in paragraph at lines 40--41
[]\T1/ptm/m/n/10 CaseController (class in web-sca-v-a-
 []


Underfull \hbox (badness 10000) in paragraph at lines 41--43
[]\T1/ptm/m/n/10 check_details() (web-sca-v-a-
 []


Underfull \hbox (badness 10000) in paragraph at lines 41--43
\T1/ptm/m/n/10 tor.controllers.caseController.CaseController
 []


Underfull \hbox (badness 10000) in paragraph at lines 44--45
[]\T1/ptm/m/n/10 CheckAllowedAttributes (class in web-sca-v-a-
 []


Underfull \hbox (badness 10000) in paragraph at lines 45--46
[]\T1/ptm/m/n/10 CheckAllowedClass (class in web-sca-v-a-
 []


Underfull \hbox (badness 10000) in paragraph at lines 46--47
[]\T1/ptm/m/n/10 CheckAllowedFunctions (class in web-sca-v-a-
 []


Underfull \hbox (badness 10000) in paragraph at lines 47--48
[]\T1/ptm/m/n/10 CheckAllowedProgram (class in web-sca-v-a-
 []


Underfull \hbox (badness 10000) in paragraph at lines 48--49
[]\T1/ptm/m/n/10 CheckAllowedValues (class in web-sca-v-a-
 []


Underfull \hbox (badness 10000) in paragraph at lines 49--50
[]\T1/ptm/m/n/10 CheckCaseDoesntExist (class in web-sca-v-a-
 []


Underfull \hbox (badness 10000) in paragraph at lines 53--55
[]\T1/ptm/m/n/10 ChromecacheviewerConverter (class in web-sca-v-a-
 []


Overfull \hbox (4.32999pt too wide) in paragraph at lines 55--56
[]\T1/ptm/m/n/10 condition() (web-sca-v-a-tor.forms.validators.RequireIfEquals
 []


Overfull \hbox (19.32985pt too wide) in paragraph at lines 56--57
[]\T1/ptm/m/n/10 condition() (web-sca-v-a-tor.forms.validators.RequireIfNotEqua
ls
 []


Underfull \hbox (badness 10000) in paragraph at lines 58--59
[]\T1/ptm/m/n/10 content_type (web-sca-v-a-tor.model.models.Entry at-
 []


Underfull \hbox (badness 10000) in paragraph at lines 61--62
[]\T1/ptm/m/n/10 convertDates() (in mod-ule web-sca-v-a-
 []

[35

]
Underfull \hbox (badness 10000) in paragraph at lines 62--63
[]\T1/ptm/m/n/10 convertFilters() (in mod-ule web-sca-v-a-
 []


Underfull \hbox (badness 10000) in paragraph at lines 63--64
[]\T1/ptm/m/n/10 convertTimes() (in mod-ule web-sca-v-a-
 []


Underfull \hbox (badness 10000) in paragraph at lines 66--67
[]\T1/ptm/m/n/10 CSVConverter (class in web-sca-v-a-
 []


Underfull \hbox (badness 10000) in paragraph at lines 73--75
[]\T1/ptm/m/n/10 defaultResponse() (web-sca-v-a-
 []


Underfull \hbox (badness 10000) in paragraph at lines 73--75
\T1/ptm/m/n/10 tor.controllers.baseController.BaseController
 []


Overfull \hbox (19.57947pt too wide) in paragraph at lines 83--84
[]\T1/ptm/m/n/10 edit1() (web-sca-v-a-tor.controllers.caseController.CaseContro
ller
 []


Overfull \hbox (19.57947pt too wide) in paragraph at lines 85--86
[]\T1/ptm/m/n/10 edit2() (web-sca-v-a-tor.controllers.caseController.CaseContro
ller
 []


Overfull \hbox (19.57947pt too wide) in paragraph at lines 87--88
[]\T1/ptm/m/n/10 edit3() (web-sca-v-a-tor.controllers.caseController.CaseContro
ller
 []


Overfull \hbox (19.57947pt too wide) in paragraph at lines 88--89
[]\T1/ptm/m/n/10 edit4() (web-sca-v-a-tor.controllers.caseController.CaseContro
ller
 []


Underfull \hbox (badness 10000) in paragraph at lines 90--91
[]\T1/ptm/m/n/10 engine (web-sca-v-a-tor.model.models.SearchTerms at-
 []


Underfull \hbox (badness 10000) in paragraph at lines 92--93
[]\T1/ptm/m/n/10 entries (web-sca-v-a-tor.model.models.SearchTerms at-
 []


Underfull \hbox (badness 10000) in paragraph at lines 101--103
[]\T1/ptm/m/n/10 file_details() (web-sca-v-a-
 []


Underfull \hbox (badness 10000) in paragraph at lines 101--103
\T1/ptm/m/n/10 tor.controllers.caseController.CaseController
 []


Underfull \hbox (badness 5189) in paragraph at lines 108--109
[]\T1/ptm/m/n/10 filter_queries() (web-sca-v-a-tor.model.models.Case static
 []


Underfull \hbox (badness 10000) in paragraph at lines 110--112
[]\T1/ptm/m/n/10 finish_wizard() (web-sca-v-a-
 []


Underfull \hbox (badness 10000) in paragraph at lines 110--112
\T1/ptm/m/n/10 tor.controllers.caseController.CaseController
 []


Underfull \hbox (badness 10000) in paragraph at lines 112--113
[]\T1/ptm/m/n/10 formatted_date (web-sca-v-a-tor.model.models.Case at-
 []


Underfull \hbox (badness 10000) in paragraph at lines 113--114
[]\T1/ptm/m/n/10 FormState (class in web-sca-v-a-
 []


Underfull \hbox (badness 10000) in paragraph at lines 114--115
[]\T1/ptm/m/n/10 FoxanalysisConverter (class in web-sca-v-a-
 []


Underfull \hbox (badness 10000) in paragraph at lines 119--120
[]\T1/ptm/m/n/10 GeneralController (class in web-sca-v-a-
 []


Underfull \hbox (badness 10000) in paragraph at lines 120--121
[]\T1/ptm/m/n/10 generateHeatMap() (web-sca-v-a-tor.model.models.Entry
 []


Underfull \hbox (badness 10000) in paragraph at lines 121--122
[]\T1/ptm/m/n/10 get_case() (web-sca-v-a-tor.model.models.Case static
 []


Underfull \hbox (badness 10000) in paragraph at lines 132--133
[]\T1/ptm/m/n/10 getEndDate() (web-sca-v-a-tor.model.models.Group
 []


Underfull \hbox (badness 10000) in paragraph at lines 135--136
[]\T1/ptm/m/n/10 getMinMax() (web-sca-v-a-tor.model.models.Case static
 []


Underfull \hbox (badness 10000) in paragraph at lines 137--138
[]\T1/ptm/m/n/10 getNumEntries() (web-sca-v-a-tor.model.models.Group
 []

[36]
Underfull \hbox (badness 10000) in paragraph at lines 139--140
[]\T1/ptm/m/n/10 getPercentages() (web-sca-v-a-tor.model.models.Browser
 []


Underfull \hbox (badness 10000) in paragraph at lines 140--141
[]\T1/ptm/m/n/10 getStartDate() (web-sca-v-a-tor.model.models.Group
 []


Underfull \hbox (badness 10000) in paragraph at lines 141--142
[]\T1/ptm/m/n/10 getTerms() (web-sca-v-a-tor.model.models.SearchTerms
 []


Underfull \hbox (badness 10000) in paragraph at lines 143--144
[]\T1/ptm/m/n/10 getTop() (web-sca-v-a-tor.model.models.URL static
 []


Underfull \hbox (badness 10000) in paragraph at lines 148--150
[]\T1/ptm/m/n/10 guidelines() (web-sca-v-a-
 []


Overfull \hbox (13.70007pt too wide) in paragraph at lines 148--150
\T1/ptm/m/n/10 tor.controllers.generalController.GeneralController
 []


Overfull \hbox (41.22948pt too wide) in paragraph at lines 153--154
[]\T1/ptm/m/n/10 help() (web-sca-v-a-tor.controllers.generalController.GeneralC
ontroller
 []


Underfull \hbox (badness 10000) in paragraph at lines 154--156
[]\T1/ptm/m/n/10 help_addfiles() (web-sca-v-a-
 []


Overfull \hbox (13.70007pt too wide) in paragraph at lines 154--156
\T1/ptm/m/n/10 tor.controllers.generalController.GeneralController
 []


Overfull \hbox (46.07957pt too wide) in paragraph at lines 167--168
[]\T1/ptm/m/n/10 index() (web-sca-v-a-tor.controllers.generalController.General
Controller
 []


Underfull \hbox (badness 10000) in paragraph at lines 172--173
[]\T1/ptm/m/n/10 jsonAddCase() (web-sca-v-a-
 []


Underfull \hbox (badness 10000) in paragraph at lines 172--173
\T1/ptm/m/n/10 tor.controllers.caseController.CaseController
 []


Underfull \hbox (badness 10000) in paragraph at lines 173--175
[]\T1/ptm/m/n/10 jsonAddEntries() (web-sca-v-a-
 []


Underfull \hbox (badness 10000) in paragraph at lines 173--175
\T1/ptm/m/n/10 tor.controllers.caseController.CaseController
 []


Underfull \hbox (badness 10000) in paragraph at lines 175--177
[]\T1/ptm/m/n/10 jsonAddFilter() (web-sca-v-a-
 []


Overfull \hbox (2.01997pt too wide) in paragraph at lines 175--177
\T1/ptm/m/n/10 tor.controllers.visualController.VisualController
 []


Underfull \hbox (badness 10000) in paragraph at lines 177--179
[]\T1/ptm/m/n/10 jsonEditCase() (web-sca-v-a-
 []


Underfull \hbox (badness 10000) in paragraph at lines 177--179
\T1/ptm/m/n/10 tor.controllers.caseController.CaseController
 []


Underfull \hbox (badness 10000) in paragraph at lines 179--181
[]\T1/ptm/m/n/10 jsonEditEntries() (web-sca-v-a-
 []


Underfull \hbox (badness 10000) in paragraph at lines 179--181
\T1/ptm/m/n/10 tor.controllers.caseController.CaseController
 []


Underfull \hbox (badness 10000) in paragraph at lines 181--183
[]\T1/ptm/m/n/10 jsonGetDomains() (web-sca-v-a-
 []


Overfull \hbox (2.01997pt too wide) in paragraph at lines 181--183
\T1/ptm/m/n/10 tor.controllers.visualController.VisualController
 []


Underfull \hbox (badness 10000) in paragraph at lines 183--185
[]\T1/ptm/m/n/10 jsonGetEntries() (web-sca-v-a-
 []


Overfull \hbox (2.01997pt too wide) in paragraph at lines 183--185
\T1/ptm/m/n/10 tor.controllers.visualController.VisualController
 []


Underfull \hbox (badness 10000) in paragraph at lines 185--187
[]\T1/ptm/m/n/10 jsonGetWordClouds() (web-sca-v-a-
 []


Overfull \hbox (2.01997pt too wide) in paragraph at lines 185--187
\T1/ptm/m/n/10 tor.controllers.visualController.VisualController
 []


Underfull \hbox (badness 10000) in paragraph at lines 187--188
[]\T1/ptm/m/n/10 jsonify() (in mod-ule web-sca-v-a-
 []


Underfull \hbox (badness 10000) in paragraph at lines 188--189
[]\T1/ptm/m/n/10 jsonifyfile() (in mod-ule web-sca-v-a-
 []


Overfull \hbox (16.79958pt too wide) in paragraph at lines 194--195
[]\T1/ptm/m/n/10 load() (web-sca-v-a-tor.controllers.caseController.CaseControl
ler
 []


Underfull \hbox (badness 10000) in paragraph at lines 197--198
[]\T1/ptm/m/n/10 load_session() (web-sca-v-a-tor.application.Application
 []


Overfull \hbox (26.23952pt too wide) in paragraph at lines 198--199
[]\T1/ptm/m/n/10 loaded() (web-sca-v-a-tor.controllers.caseController.CaseContr
oller
 []


Underfull \hbox (badness 10000) in paragraph at lines 204--205
[]\T1/ptm/m/n/10 make_url_map() (web-sca-v-a-tor.application.Application
 []


Underfull \hbox (badness 10000) in paragraph at lines 205--206
[]\T1/ptm/m/n/10 modified_date (web-sca-v-a-tor.model.models.Entry at-
 []


Underfull \hbox (badness 10000) in paragraph at lines 206--207
[]\T1/ptm/m/n/10 modified_time (web-sca-v-a-tor.model.models.Entry at-
 []


Underfull \hbox (badness 10000) in paragraph at lines 215--216
[]\T1/ptm/m/n/10 NetanalysisConverter (class in web-sca-v-a-
 []

[37]
Underfull \hbox (badness 10000) in paragraph at lines 232--233
[]\T1/ptm/m/n/10 peakTime() (web-sca-v-a-tor.model.models.Entry static
 []


Overfull \hbox (23.46065pt too wide) in paragraph at lines 234--235
[]\T1/ptm/m/n/10 process() (web-sca-v-a-tor.converters.csv_converter.CSVConvert
er
 []


Overfull \hbox (28.46062pt too wide) in paragraph at lines 235--236
[]\T1/ptm/m/n/10 process() (web-sca-v-a-tor.converters.xml_converter.XMLConvert
er
 []


Underfull \hbox (badness 10000) in paragraph at lines 236--238
[]\T1/ptm/m/n/10 process_element() (web-sca-v-a-
 []


Overfull \hbox (13.4607pt too wide) in paragraph at lines 236--238
\T1/ptm/m/n/10 tor.converters.webhistorian.WebhistorianConverter
 []


Underfull \hbox (badness 10000) in paragraph at lines 238--240
[]\T1/ptm/m/n/10 process_row() (web-sca-v-a-
 []


Overfull \hbox (69.32036pt too wide) in paragraph at lines 238--240
\T1/ptm/m/n/10 tor.converters.chromecacheviewer.ChromecacheviewerConverter
 []


Underfull \hbox (badness 10000) in paragraph at lines 240--242
[]\T1/ptm/m/n/10 process_row() (web-sca-v-a-
 []


Overfull \hbox (1.9008pt too wide) in paragraph at lines 240--242
\T1/ptm/m/n/10 tor.converters.foxanalysis.FoxanalysisConverter
 []


Underfull \hbox (badness 10000) in paragraph at lines 242--244
[]\T1/ptm/m/n/10 process_row() (web-sca-v-a-
 []


Underfull \hbox (badness 10000) in paragraph at lines 242--244
\T1/ptm/m/n/10 tor.converters.netanalysis.NetanalysisConverter
 []


Underfull \hbox (badness 10000) in paragraph at lines 244--245
[]\T1/ptm/m/n/10 process_row() (web-sca-v-a-
 []


Underfull \hbox (badness 10000) in paragraph at lines 244--245
\T1/ptm/m/n/10 tor.converters.pasco.PascoConverter method),
 []


Underfull \hbox (badness 10000) in paragraph at lines 245--247
[]\T1/ptm/m/n/10 processOptions() (web-sca-v-a-
 []


Overfull \hbox (2.01997pt too wide) in paragraph at lines 245--247
\T1/ptm/m/n/10 tor.controllers.visualController.VisualController
 []


Underfull \hbox (badness 10000) in paragraph at lines 248--249
[]\T1/ptm/m/n/10 program_icon (web-sca-v-a-tor.model.models.Group at-
 []


Underfull \hbox (badness 10000) in paragraph at lines 249--250
[]\T1/ptm/m/n/10 program_name (web-sca-v-a-tor.model.models.Group
 []


Underfull \hbox (badness 10000) in paragraph at lines 261--263
[]\T1/ptm/m/n/10 renderTemplate() (web-sca-v-a-
 []


Underfull \hbox (badness 10000) in paragraph at lines 261--263
\T1/ptm/m/n/10 tor.controllers.baseController.BaseController
 []


Underfull \hbox (badness 10000) in paragraph at lines 263--264
[]\T1/ptm/m/n/10 RequireIfCondition (class in web-sca-v-a-
 []


Underfull \hbox (badness 10000) in paragraph at lines 265--266
[]\T1/ptm/m/n/10 RequireIfNotEquals (class in web-sca-v-a-
 []


Underfull \hbox (badness 10000) in paragraph at lines 266--267
[]\T1/ptm/m/n/10 return404() (web-sca-v-a-
 []


Underfull \hbox (badness 10000) in paragraph at lines 266--267
\T1/ptm/m/n/10 tor.controllers.baseController.BaseController
 []


Underfull \hbox (badness 10000) in paragraph at lines 267--268
[]\T1/ptm/m/n/10 return500() (web-sca-v-a-
 []


Underfull \hbox (badness 10000) in paragraph at lines 267--268
\T1/ptm/m/n/10 tor.controllers.baseController.BaseController
 []


Underfull \hbox (badness 10000) in paragraph at lines 268--270
[]\T1/ptm/m/n/10 returnResponse() (web-sca-v-a-
 []


Underfull \hbox (badness 10000) in paragraph at lines 268--270
\T1/ptm/m/n/10 tor.controllers.baseController.BaseController
 []


Underfull \hbox (badness 10000) in paragraph at lines 274--275
[]\T1/ptm/m/n/10 save_session() (web-sca-v-a-tor.application.Application
 []


Underfull \hbox (badness 10000) in paragraph at lines 279--280
[]\T1/ptm/m/n/10 setDomain_manual() (web-sca-v-a-tor.model.models.URL
 []


Underfull \hbox (badness 10000) in paragraph at lines 288--289
[]\T1/ptm/m/n/10 timeline_date (web-sca-v-a-tor.model.models.Entry at-
 []


Overfull \hbox (62.70934pt too wide) in paragraph at lines 299--301
[]\T1/ptm/m/n/10 userguide() (web-sca-v-a-tor.controllers.generalController.Gen
eralController
 []


Underfull \hbox (badness 10000) in paragraph at lines 301--303
[]\T1/ptm/m/n/10 userguide_part1() (web-sca-v-a-
 []


Overfull \hbox (13.70007pt too wide) in paragraph at lines 301--303
\T1/ptm/m/n/10 tor.controllers.generalController.GeneralController
 []

[38]
Underfull \hbox (badness 10000) in paragraph at lines 303--305
[]\T1/ptm/m/n/10 userguide_part2() (web-sca-v-a-
 []


Overfull \hbox (13.70007pt too wide) in paragraph at lines 303--305
\T1/ptm/m/n/10 tor.controllers.generalController.GeneralController
 []


Underfull \hbox (badness 10000) in paragraph at lines 309--311
[]\T1/ptm/m/n/10 validate_form() (web-sca-v-a-
 []


Underfull \hbox (badness 10000) in paragraph at lines 309--311
\T1/ptm/m/n/10 tor.controllers.baseController.BaseController
 []


Underfull \hbox (badness 10000) in paragraph at lines 312--313
[]\T1/ptm/m/n/10 valueNotAllowed() (web-sca-v-a-
 []


Underfull \hbox (badness 10000) in paragraph at lines 312--313
\T1/ptm/m/n/10 tor.forms.validators.NotInDatabase method),
 []


Underfull \hbox (badness 10000) in paragraph at lines 314--315
[]\T1/ptm/m/n/10 VisualController (class in web-sca-v-a-
 []


Underfull \hbox (badness 10000) in paragraph at lines 318--319
[]\T1/ptm/m/n/10 WebhistorianConverter (class in web-sca-v-a-
 []


Underfull \hbox (badness 10000) in paragraph at lines 341--342
[]\T1/ptm/m/n/10 webscavator.test.functionaltests.test_caseController
 []


Underfull \hbox (badness 10000) in paragraph at lines 342--343
[]\T1/ptm/m/n/10 webscavator.test.functionaltests.test_generalController
 []


Underfull \hbox (badness 10000) in paragraph at lines 343--344
[]\T1/ptm/m/n/10 webscavator.test.functionaltests.test_visualController
 []


Overfull \hbox (26.78944pt too wide) in paragraph at lines 351--352
[]\T1/ptm/m/n/10 wizard() (web-sca-v-a-tor.controllers.caseController.CaseContr
oller
 []


Overfull \hbox (31.78944pt too wide) in paragraph at lines 352--353
[]\T1/ptm/m/n/10 wizard1() (web-sca-v-a-tor.controllers.caseController.CaseCont
roller
 []


Overfull \hbox (31.78944pt too wide) in paragraph at lines 354--355
[]\T1/ptm/m/n/10 wizard2() (web-sca-v-a-tor.controllers.caseController.CaseCont
roller
 []


Overfull \hbox (31.78944pt too wide) in paragraph at lines 356--357
[]\T1/ptm/m/n/10 wizard3() (web-sca-v-a-tor.controllers.caseController.CaseCont
roller
 []


Overfull \hbox (31.78944pt too wide) in paragraph at lines 357--358
[]\T1/ptm/m/n/10 wizard4() (web-sca-v-a-tor.controllers.caseController.CaseCont
roller
 []


Overfull \hbox (38.46935pt too wide) in paragraph at lines 358--359
[]\T1/ptm/m/n/10 write_log() (web-sca-v-a-tor.controllers.baseController.BaseCo
ntroller
 []


Underfull \hbox (badness 10000) in paragraph at lines 362--363
[]\T1/ptm/m/n/10 XMLConverter (class in web-sca-v-a-
 []

[39]) (webscavator.aux) ) 
Here is how much of TeX's memory you used:
 8227 strings out of 95304
 115978 string characters out of 1183184
 187218 words of memory out of 1500000
 10866 multiletter control sequences out of 110000
 57324 words of font info for 58 fonts, out of 3000000 for 5000
 15 hyphenation exceptions out of 8191
 43i,12n,45p,256b,472s stack positions out of 5000i,500n,10000p,200000b,50000s
{C:/Program Files/MiKTeX/fonts/enc/dvips/fontname/8r.e
nc}<C:/Program Files/MiKTeX/fonts/type1/urw/courier/ucrb8a.pfb><C:/Program File
s/MiKTeX/fonts/type1/urw/courier/ucrr8a.pfb><C:/Program Files/MiKTeX/fonts/type
1/urw/helvetic/uhvb8a.pfb><C:/Program Files/MiKTeX/fonts/type1/urw/helvetic/uhv
bo8a.pfb><C:/Program Files/MiKTeX/fonts/type1/urw/helvetic/uhvr8a.pfb><C:/Progr
am Files/MiKTeX/fonts/type1/urw/times/utmb8a.pfb><C:/Program Files/MiKTeX/fonts
/type1/urw/times/utmbi8a.pfb><C:/Program Files/MiKTeX/fonts/type1/urw/times/utm
r8a.pfb><C:/Program Files/MiKTeX/fonts/type1/urw/times/utmri8a.pfb>
Output written on webscavator.pdf (43 pages, 326097 bytes).
PDF statistics:
 1050 PDF objects out of 1200 (max. 8388607)
 396 named destinations out of 1000 (max. 131072)
 117 words of extra memory for PDF output out of 10000 (max. 10000000)

